Server running at :21192
check estadao tweets
check estadao tweets
check estadao tweets
check estadao tweets
check estadao tweets
check estadao tweets
check estadao tweets
check estadao tweets
check estadao tweets
check estadao tweets
check estadao tweets
check estadao tweets
check estadao tweets
check estadao tweets
check estadao tweets
check estadao tweets
Server running at :21192
check estadao tweets
get estadao tweets
tweets length =20
last tweet:
Felipe Titto dá apartamento de presente surpresa para a mãe (via @Emais_Estadao) https://t.co/FtBw9m6YQs https://t.co/szRxUzTOKD
tweet não encontrado.
check estadao tweets
get estadao tweets
tweets length =20
last tweet:
Felipe Titto dá apartamento de presente surpresa para a mãe (via @Emais_Estadao) https://t.co/FtBw9m6YQs https://t.co/szRxUzTOKD
tweet não encontrado.
check estadao tweets
get estadao tweets
tweets length =20
last tweet:
Felipe Titto dá apartamento de presente surpresa para a mãe (via @Emais_Estadao) https://t.co/FtBw9m6YQs https://t.co/szRxUzTOKD
tweet não encontrado.
check estadao tweets
get estadao tweets
tweets length =20
last tweet:
Felipe Titto dá apartamento de presente surpresa para a mãe (via @Emais_Estadao) https://t.co/FtBw9m6YQs https://t.co/szRxUzTOKD
tweet não encontrado.
check estadao tweets
get estadao tweets
tweets length =20
last tweet:
Felipe Titto dá apartamento de presente surpresa para a mãe (via @Emais_Estadao) https://t.co/FtBw9m6YQs https://t.co/szRxUzTOKD
tweet não encontrado.
check estadao tweets
get estadao tweets
tweets length =20
last tweet:
Felipe Titto dá apartamento de presente surpresa para a mãe (via @Emais_Estadao) https://t.co/FtBw9m6YQs https://t.co/szRxUzTOKD
tweet não encontrado.
check estadao tweets
get estadao tweets
tweets length =20
last tweet:
Felipe Titto dá apartamento de presente surpresa para a mãe (via @Emais_Estadao) https://t.co/FtBw9m6YQs https://t.co/szRxUzTOKD
tweet não encontrado.
check estadao tweets
get estadao tweets
tweets length =20
last tweet:
Felipe Titto dá apartamento de presente surpresa para a mãe (via @Emais_Estadao) https://t.co/FtBw9m6YQs https://t.co/szRxUzTOKD
tweet não encontrado.
check estadao tweets
get estadao tweets
tweets length =20
last tweet:
Felipe Titto dá apartamento de presente surpresa para a mãe (via @Emais_Estadao) https://t.co/FtBw9m6YQs https://t.co/szRxUzTOKD
tweet não encontrado.
check estadao tweets
get estadao tweets
tweets length =20
last tweet:
Felipe Titto dá apartamento de presente surpresa para a mãe (via @Emais_Estadao) https://t.co/FtBw9m6YQs https://t.co/szRxUzTOKD
tweet não encontrado.
check estadao tweets
get estadao tweets
tweets length =20
last tweet:
Felipe Titto dá apartamento de presente surpresa para a mãe (via @Emais_Estadao) https://t.co/FtBw9m6YQs https://t.co/szRxUzTOKD
tweet não encontrado.
check estadao tweets
get estadao tweets
tweets length =20
last tweet:
Felipe Titto dá apartamento de presente surpresa para a mãe (via @Emais_Estadao) https://t.co/FtBw9m6YQs https://t.co/szRxUzTOKD
tweet não encontrado.
check estadao tweets
get estadao tweets
tweets length =20
last tweet:
Felipe Titto dá apartamento de presente surpresa para a mãe (via @Emais_Estadao) https://t.co/FtBw9m6YQs https://t.co/szRxUzTOKD
tweet não encontrado.
check estadao tweets
get estadao tweets
tweets length =20
last tweet:
Felipe Titto dá apartamento de presente surpresa para a mãe (via @Emais_Estadao) https://t.co/FtBw9m6YQs https://t.co/szRxUzTOKD
tweet não encontrado.
check estadao tweets
get estadao tweets
tweets length =20
last tweet:
Felipe Titto dá apartamento de presente surpresa para a mãe (via @Emais_Estadao) https://t.co/FtBw9m6YQs https://t.co/szRxUzTOKD
tweet não encontrado.
check estadao tweets
get estadao tweets
tweets length =20
last tweet:
Felipe Titto dá apartamento de presente surpresa para a mãe (via @Emais_Estadao) https://t.co/FtBw9m6YQs https://t.co/szRxUzTOKD
tweet não encontrado.
check estadao tweets
get estadao tweets
tweets length =20
last tweet:
Felipe Titto dá apartamento de presente surpresa para a mãe (via @Emais_Estadao) https://t.co/FtBw9m6YQs https://t.co/szRxUzTOKD
tweet não encontrado.
check estadao tweets
get estadao tweets
tweets length =20
last tweet:
Felipe Titto dá apartamento de presente surpresa para a mãe (via @Emais_Estadao) https://t.co/FtBw9m6YQs https://t.co/szRxUzTOKD
tweet não encontrado.
check estadao tweets
get estadao tweets
tweets length =20
last tweet:
Felipe Titto dá apartamento de presente surpresa para a mãe (via @Emais_Estadao) https://t.co/FtBw9m6YQs https://t.co/szRxUzTOKD
tweet não encontrado.
check estadao tweets
get estadao tweets
tweets length =20
last tweet:
Felipe Titto dá apartamento de presente surpresa para a mãe (via @Emais_Estadao) https://t.co/FtBw9m6YQs https://t.co/szRxUzTOKD
tweet não encontrado.
check estadao tweets
get estadao tweets
tweets length =20
last tweet:
Felipe Titto dá apartamento de presente surpresa para a mãe (via @Emais_Estadao) https://t.co/FtBw9m6YQs https://t.co/szRxUzTOKD
tweet não encontrado.
check estadao tweets
get estadao tweets
tweets length =20
last tweet:
Felipe Titto dá apartamento de presente surpresa para a mãe (via @Emais_Estadao) https://t.co/FtBw9m6YQs https://t.co/szRxUzTOKD
tweet não encontrado.
check estadao tweets
get estadao tweets
tweets length =20
last tweet:
Felipe Titto dá apartamento de presente surpresa para a mãe (via @Emais_Estadao) https://t.co/FtBw9m6YQs https://t.co/szRxUzTOKD
tweet não encontrado.
check estadao tweets
get estadao tweets
tweets length =20
last tweet:
Felipe Titto dá apartamento de presente surpresa para a mãe (via @Emais_Estadao) https://t.co/FtBw9m6YQs https://t.co/szRxUzTOKD
tweet não encontrado.
check estadao tweets
get estadao tweets
tweets length =20
last tweet:
Felipe Titto dá apartamento de presente surpresa para a mãe (via @Emais_Estadao) https://t.co/FtBw9m6YQs https://t.co/szRxUzTOKD
tweet não encontrado.
check estadao tweets
get estadao tweets
tweets length =20
last tweet:
Felipe Titto dá apartamento de presente surpresa para a mãe (via @Emais_Estadao) https://t.co/FtBw9m6YQs https://t.co/szRxUzTOKD
tweet não encontrado.
check estadao tweets
get estadao tweets
tweets length =20
last tweet:
Felipe Titto dá apartamento de presente surpresa para a mãe (via @Emais_Estadao) https://t.co/FtBw9m6YQs https://t.co/szRxUzTOKD
tweet não encontrado.
check estadao tweets
get estadao tweets
tweets length =20
last tweet:
Felipe Titto dá apartamento de presente surpresa para a mãe (via @Emais_Estadao) https://t.co/FtBw9m6YQs https://t.co/szRxUzTOKD
tweet não encontrado.
check estadao tweets
get estadao tweets
tweets length =20
last tweet:
Felipe Titto dá apartamento de presente surpresa para a mãe (via @Emais_Estadao) https://t.co/FtBw9m6YQs https://t.co/szRxUzTOKD
tweet não encontrado.
check estadao tweets
get estadao tweets
tweets length =20
last tweet:
Felipe Titto dá apartamento de presente surpresa para a mãe (via @Emais_Estadao) https://t.co/FtBw9m6YQs https://t.co/szRxUzTOKD
tweet não encontrado.
check estadao tweets
get estadao tweets
tweets length =20
last tweet:
Felipe Titto dá apartamento de presente surpresa para a mãe (via @Emais_Estadao) https://t.co/FtBw9m6YQs https://t.co/szRxUzTOKD
tweet não encontrado.
check estadao tweets
get estadao tweets
tweets length =20
last tweet:
&gt;@EstadaoPolitica Entenda o que é um juiz de garantias, ponto de discordância entre Moro e Bolsonaro https://t.co/DSTycqY1mt
tweet encontrado.
https://twitter.com/estadao/status/1210271559794839553
{ status: 'Uma escolha muito difícil. https://twitter.com/estadao/status/1210271559794839553' }
check estadao tweets
get estadao tweets
tweets length =20
last tweet:
&gt;@EstadaoPolitica Entenda o que é um juiz de garantias, ponto de discordância entre Moro e Bolsonaro https://t.co/DSTycqY1mt
tweet encontrado.
https://twitter.com/estadao/status/1210271559794839553
{ status: 'Uma escolha muito difícil. https://twitter.com/estadao/status/1210271559794839553' }
doTweet Error:
[ { code: 187, message: 'Status is a duplicate.' } ]
check estadao tweets
get estadao tweets
tweets length =20
last tweet:
&gt;@EstadaoPolitica Entenda o que é um juiz de garantias, ponto de discordância entre Moro e Bolsonaro https://t.co/DSTycqY1mt
tweet encontrado.
https://twitter.com/estadao/status/1210271559794839553
{ status: 'Uma escolha muito difícil. https://twitter.com/estadao/status/1210271559794839553' }
doTweet Error:
[ { code: 187, message: 'Status is a duplicate.' } ]
check estadao tweets
get estadao tweets
tweets length =20
last tweet:
&gt;@EstadaoPolitica Entenda o que é um juiz de garantias, ponto de discordância entre Moro e Bolsonaro https://t.co/DSTycqY1mt
tweet encontrado.
https://twitter.com/estadao/status/1210271559794839553
{ status: 'Uma escolha muito difícil. https://twitter.com/estadao/status/1210271559794839553' }
doTweet Error:
[ { code: 187, message: 'Status is a duplicate.' } ]
check estadao tweets
get estadao tweets
tweets length =20
last tweet:
&gt;@EstadaoPolitica Entenda o que é um juiz de garantias, ponto de discordância entre Moro e Bolsonaro https://t.co/DSTycqY1mt
tweet encontrado.
https://twitter.com/estadao/status/1210271559794839553
{ status: 'Uma escolha muito difícil. https://twitter.com/estadao/status/1210271559794839553' }
doTweet Error:
[ { code: 187, message: 'Status is a duplicate.' } ]
check estadao tweets
get estadao tweets
tweets length =20
last tweet:
&gt;@EstadaoPolitica Entenda o que é um juiz de garantias, ponto de discordância entre Moro e Bolsonaro https://t.co/DSTycqY1mt
tweet encontrado.
https://twitter.com/estadao/status/1210271559794839553
{ status: 'Uma escolha muito difícil. https://twitter.com/estadao/status/1210271559794839553' }
doTweet Error:
[ { code: 187, message: 'Status is a duplicate.' } ]
check estadao tweets
get estadao tweets
tweets length =20
last tweet:
&gt;@EstadaoPolitica Entenda o que é um juiz de garantias, ponto de discordância entre Moro e Bolsonaro https://t.co/DSTycqY1mt
tweet encontrado.
https://twitter.com/estadao/status/1210271559794839553
{ status: 'Uma escolha muito difícil. https://twitter.com/estadao/status/1210271559794839553' }
doTweet Error:
[ { code: 187, message: 'Status is a duplicate.' } ]
check estadao tweets
get estadao tweets
tweets length =20
last tweet:
&gt;@EstadaoPolitica Entenda o que é um juiz de garantias, ponto de discordância entre Moro e Bolsonaro https://t.co/DSTycqY1mt
tweet encontrado.
https://twitter.com/estadao/status/1210271559794839553
{ status: 'Uma escolha muito difícil. https://twitter.com/estadao/status/1210271559794839553' }
doTweet Error:
[ { code: 187, message: 'Status is a duplicate.' } ]
check estadao tweets
get estadao tweets
tweets length =20
last tweet:
&gt;@EstadaoPolitica Entenda o que é um juiz de garantias, ponto de discordância entre Moro e Bolsonaro https://t.co/DSTycqY1mt
tweet encontrado.
https://twitter.com/estadao/status/1210271559794839553
{ status: 'Uma escolha muito difícil. https://twitter.com/estadao/status/1210271559794839553' }
doTweet Error:
[ { code: 187, message: 'Status is a duplicate.' } ]
check estadao tweets
get estadao tweets
tweets length =20
last tweet:
&gt;@EstadaoPolitica Entenda o que é um juiz de garantias, ponto de discordância entre Moro e Bolsonaro https://t.co/DSTycqY1mt
tweet encontrado.
https://twitter.com/estadao/status/1210271559794839553
{ status: 'Uma escolha muito difícil. https://twitter.com/estadao/status/1210271559794839553' }
doTweet Error:
[ { code: 187, message: 'Status is a duplicate.' } ]
check estadao tweets
get estadao tweets
tweets length =20
last tweet:
&gt;@EstadaoPolitica Entenda o que é um juiz de garantias, ponto de discordância entre Moro e Bolsonaro https://t.co/DSTycqY1mt
tweet encontrado.
https://twitter.com/estadao/status/1210271559794839553
{ status: 'Uma escolha muito difícil. https://twitter.com/estadao/status/1210271559794839553' }
doTweet Error:
[ { code: 187, message: 'Status is a duplicate.' } ]
check estadao tweets
get estadao tweets
tweets length =20
last tweet:
&gt;@EstadaoPolitica Entenda o que é um juiz de garantias, ponto de discordância entre Moro e Bolsonaro https://t.co/DSTycqY1mt
tweet encontrado.
https://twitter.com/estadao/status/1210271559794839553
{ status: 'Uma escolha muito difícil. https://twitter.com/estadao/status/1210271559794839553' }
doTweet Error:
[ { code: 187, message: 'Status is a duplicate.' } ]
check estadao tweets
get estadao tweets
tweets length =20
last tweet:
&gt;@EstadaoPolitica Entenda o que é um juiz de garantias, ponto de discordância entre Moro e Bolsonaro https://t.co/DSTycqY1mt
tweet encontrado.
https://twitter.com/estadao/status/1210271559794839553
{ status: 'Uma escolha muito difícil. https://twitter.com/estadao/status/1210271559794839553' }
doTweet Error:
[ { code: 187, message: 'Status is a duplicate.' } ]
check estadao tweets
get estadao tweets
tweets length =20
last tweet:
&gt;@EstadaoPolitica Entenda o que é um juiz de garantias, ponto de discordância entre Moro e Bolsonaro https://t.co/DSTycqY1mt
tweet encontrado.
https://twitter.com/estadao/status/1210271559794839553
{ status: 'Uma escolha muito difícil. https://twitter.com/estadao/status/1210271559794839553' }
doTweet Error:
[ { code: 187, message: 'Status is a duplicate.' } ]
check estadao tweets
get estadao tweets
tweets length =20
last tweet:
&gt;@EstadaoPolitica Entenda o que é um juiz de garantias, ponto de discordância entre Moro e Bolsonaro https://t.co/DSTycqY1mt
tweet encontrado.
https://twitter.com/estadao/status/1210271559794839553
{ status: 'Uma escolha muito difícil. https://twitter.com/estadao/status/1210271559794839553' }
doTweet Error:
[ { code: 187, message: 'Status is a duplicate.' } ]
check estadao tweets
get estadao tweets
tweets length =20
last tweet:
&gt;@EstadaoPolitica Entenda o que é um juiz de garantias, ponto de discordância entre Moro e Bolsonaro https://t.co/DSTycqY1mt
tweet encontrado.
https://twitter.com/estadao/status/1210271559794839553
{ status: 'Uma escolha muito difícil. https://twitter.com/estadao/status/1210271559794839553' }
doTweet Error:
[ { code: 187, message: 'Status is a duplicate.' } ]
check estadao tweets
get estadao tweets
tweets length =20
last tweet:
&gt;@EstadaoPolitica Entenda o que é um juiz de garantias, ponto de discordância entre Moro e Bolsonaro https://t.co/DSTycqY1mt
tweet encontrado.
https://twitter.com/estadao/status/1210271559794839553
{ status: 'Uma escolha muito difícil. https://twitter.com/estadao/status/1210271559794839553' }
doTweet Error:
[ { code: 187, message: 'Status is a duplicate.' } ]
check estadao tweets
get estadao tweets
tweets length =20
last tweet:
&gt;@EstadaoPolitica Entenda o que é um juiz de garantias, ponto de discordância entre Moro e Bolsonaro https://t.co/DSTycqY1mt
tweet encontrado.
https://twitter.com/estadao/status/1210271559794839553
{ status: 'Uma escolha muito difícil. https://twitter.com/estadao/status/1210271559794839553' }
doTweet Error:
[ { code: 187, message: 'Status is a duplicate.' } ]
check estadao tweets
get estadao tweets
tweets length =20
last tweet:
&gt;@EstadaoPolitica Entenda o que é um juiz de garantias, ponto de discordância entre Moro e Bolsonaro https://t.co/DSTycqY1mt
tweet encontrado.
https://twitter.com/estadao/status/1210271559794839553
{ status: 'Uma escolha muito difícil. https://twitter.com/estadao/status/1210271559794839553' }
doTweet Error:
[ { code: 187, message: 'Status is a duplicate.' } ]
check estadao tweets
get estadao tweets
tweets length =20
last tweet:
&gt;@EstadaoPolitica Entenda o que é um juiz de garantias, ponto de discordância entre Moro e Bolsonaro https://t.co/DSTycqY1mt
tweet encontrado.
https://twitter.com/estadao/status/1210271559794839553
{ status: 'Uma escolha muito difícil. https://twitter.com/estadao/status/1210271559794839553' }
doTweet Error:
[ { code: 187, message: 'Status is a duplicate.' } ]
check estadao tweets
get estadao tweets
tweets length =20
last tweet:
&gt;@EstadaoPolitica Entenda o que é um juiz de garantias, ponto de discordância entre Moro e Bolsonaro https://t.co/DSTycqY1mt
tweet encontrado.
https://twitter.com/estadao/status/1210271559794839553
{ status: 'Uma escolha muito difícil. https://twitter.com/estadao/status/1210271559794839553' }
doTweet Error:
[ { code: 187, message: 'Status is a duplicate.' } ]
check estadao tweets
get estadao tweets
tweets length =20
last tweet:
&gt;@EstadaoPolitica Entenda o que é um juiz de garantias, ponto de discordância entre Moro e Bolsonaro https://t.co/DSTycqY1mt
tweet encontrado.
https://twitter.com/estadao/status/1210271559794839553
{ status: 'Uma escolha muito difícil. https://twitter.com/estadao/status/1210271559794839553' }
doTweet Error:
[ { code: 187, message: 'Status is a duplicate.' } ]
check estadao tweets
get estadao tweets
tweets length =20
last tweet:
&gt;@EstadaoPolitica Entenda o que é um juiz de garantias, ponto de discordância entre Moro e Bolsonaro https://t.co/DSTycqY1mt
tweet encontrado.
https://twitter.com/estadao/status/1210271559794839553
{ status: 'Uma escolha muito difícil. https://twitter.com/estadao/status/1210271559794839553' }
doTweet Error:
[ { code: 187, message: 'Status is a duplicate.' } ]
check estadao tweets
get estadao tweets
tweets length =20
last tweet:
&gt;@EstadaoPolitica Entenda o que é um juiz de garantias, ponto de discordância entre Moro e Bolsonaro https://t.co/DSTycqY1mt
tweet encontrado.
https://twitter.com/estadao/status/1210271559794839553
{ status: 'Uma escolha muito difícil. https://twitter.com/estadao/status/1210271559794839553' }
doTweet Error:
[ { code: 187, message: 'Status is a duplicate.' } ]
check estadao tweets
get estadao tweets
tweets length =20
last tweet:
&gt;@EstadaoPolitica Entenda o que é um juiz de garantias, ponto de discordância entre Moro e Bolsonaro https://t.co/DSTycqY1mt
tweet encontrado.
https://twitter.com/estadao/status/1210271559794839553
{ status: 'Uma escolha muito difícil. https://twitter.com/estadao/status/1210271559794839553' }
doTweet Error:
[ { code: 187, message: 'Status is a duplicate.' } ]
check estadao tweets
get estadao tweets
tweets length =20
last tweet:
&gt;@EstadaoPolitica Entenda o que é um juiz de garantias, ponto de discordância entre Moro e Bolsonaro https://t.co/DSTycqY1mt
tweet encontrado.
https://twitter.com/estadao/status/1210271559794839553
{ status: 'Uma escolha muito difícil. https://twitter.com/estadao/status/1210271559794839553' }
doTweet Error:
[ { code: 187, message: 'Status is a duplicate.' } ]
check estadao tweets
get estadao tweets
tweets length =20
last tweet:
&gt;@EstadaoPolitica Entenda o que é um juiz de garantias, ponto de discordância entre Moro e Bolsonaro https://t.co/DSTycqY1mt
tweet encontrado.
https://twitter.com/estadao/status/1210271559794839553
{ status: 'Uma escolha muito difícil. https://twitter.com/estadao/status/1210271559794839553' }
doTweet Error:
[ { code: 187, message: 'Status is a duplicate.' } ]
check estadao tweets
get estadao tweets
tweets length =20
last tweet:
&gt;@EstadaoPolitica Entenda o que é um juiz de garantias, ponto de discordância entre Moro e Bolsonaro https://t.co/DSTycqY1mt
tweet encontrado.
https://twitter.com/estadao/status/1210271559794839553
{ status: 'Uma escolha muito difícil. https://twitter.com/estadao/status/1210271559794839553' }
doTweet Error:
[ { code: 187, message: 'Status is a duplicate.' } ]
check estadao tweets
get estadao tweets
tweets length =20
last tweet:
&gt;@EstadaoPolitica Entenda o que é um juiz de garantias, ponto de discordância entre Moro e Bolsonaro https://t.co/DSTycqY1mt
tweet encontrado.
https://twitter.com/estadao/status/1210271559794839553
{ status: 'Uma escolha muito difícil. https://twitter.com/estadao/status/1210271559794839553' }
doTweet Error:
[ { code: 187, message: 'Status is a duplicate.' } ]
check estadao tweets
get estadao tweets
tweets length =20
last tweet:
&gt;@EstadaoPolitica Entenda o que é um juiz de garantias, ponto de discordância entre Moro e Bolsonaro https://t.co/DSTycqY1mt
tweet encontrado.
https://twitter.com/estadao/status/1210271559794839553
{ status: 'Uma escolha muito difícil. https://twitter.com/estadao/status/1210271559794839553' }
doTweet Error:
[ { code: 187, message: 'Status is a duplicate.' } ]
check estadao tweets
get estadao tweets
tweets length =20
last tweet:
&gt;@EstadaoPolitica Entenda o que é um juiz de garantias, ponto de discordância entre Moro e Bolsonaro https://t.co/DSTycqY1mt
tweet encontrado.
https://twitter.com/estadao/status/1210271559794839553
{ status: 'Uma escolha muito difícil. https://twitter.com/estadao/status/1210271559794839553' }
doTweet Error:
[ { code: 187, message: 'Status is a duplicate.' } ]
check estadao tweets
get estadao tweets
tweets length =20
last tweet:
&gt;@EstadaoPolitica Entenda o que é um juiz de garantias, ponto de discordância entre Moro e Bolsonaro https://t.co/DSTycqY1mt
tweet encontrado.
https://twitter.com/estadao/status/1210271559794839553
{ status: 'Uma escolha muito difícil. https://twitter.com/estadao/status/1210271559794839553' }
doTweet Error:
[ { code: 187, message: 'Status is a duplicate.' } ]
check estadao tweets
get estadao tweets
tweets length =20
last tweet:
&gt;@EstadaoPolitica Entenda o que é um juiz de garantias, ponto de discordância entre Moro e Bolsonaro https://t.co/DSTycqY1mt
tweet encontrado.
https://twitter.com/estadao/status/1210271559794839553
{ status: 'Uma escolha muito difícil. https://twitter.com/estadao/status/1210271559794839553' }
doTweet Error:
[ { code: 187, message: 'Status is a duplicate.' } ]
check estadao tweets
get estadao tweets
tweets length =20
last tweet:
&gt;@EstadaoPolitica Entenda o que é um juiz de garantias, ponto de discordância entre Moro e Bolsonaro https://t.co/DSTycqY1mt
tweet encontrado.
https://twitter.com/estadao/status/1210271559794839553
{ status: 'Uma escolha muito difícil. https://twitter.com/estadao/status/1210271559794839553' }
doTweet Error:
[ { code: 187, message: 'Status is a duplicate.' } ]
check estadao tweets
get estadao tweets
tweets length =20
last tweet:
&gt;@EstadaoPolitica Entenda o que é um juiz de garantias, ponto de discordância entre Moro e Bolsonaro https://t.co/DSTycqY1mt
tweet encontrado.
https://twitter.com/estadao/status/1210271559794839553
{ status: 'Uma escolha muito difícil. https://twitter.com/estadao/status/1210271559794839553' }
doTweet Error:
[ { code: 187, message: 'Status is a duplicate.' } ]
check estadao tweets
get estadao tweets
tweets length =20
last tweet:
&gt;@EstadaoPolitica Entenda o que é um juiz de garantias, ponto de discordância entre Moro e Bolsonaro https://t.co/DSTycqY1mt
tweet encontrado.
https://twitter.com/estadao/status/1210271559794839553
{ status: 'Uma escolha muito difícil. https://twitter.com/estadao/status/1210271559794839553' }
doTweet Error:
[ { code: 187, message: 'Status is a duplicate.' } ]
check estadao tweets
get estadao tweets
tweets length =20
last tweet:
&gt;@EstadaoPolitica Entenda o que é um juiz de garantias, ponto de discordância entre Moro e Bolsonaro https://t.co/DSTycqY1mt
tweet encontrado.
https://twitter.com/estadao/status/1210271559794839553
{ status: 'Uma escolha muito difícil. https://twitter.com/estadao/status/1210271559794839553' }
doTweet Error:
[ { code: 187, message: 'Status is a duplicate.' } ]
check estadao tweets
get estadao tweets
tweets length =20
last tweet:
&gt;@EstadaoPolitica Entenda o que é um juiz de garantias, ponto de discordância entre Moro e Bolsonaro https://t.co/DSTycqY1mt
tweet encontrado.
https://twitter.com/estadao/status/1210271559794839553
{ status: 'Uma escolha muito difícil. https://twitter.com/estadao/status/1210271559794839553' }
doTweet Error:
[ { code: 187, message: 'Status is a duplicate.' } ]
check estadao tweets
get estadao tweets
tweets length =20
last tweet:
&gt;@EstadaoPolitica Entenda o que é um juiz de garantias, ponto de discordância entre Moro e Bolsonaro https://t.co/DSTycqY1mt
tweet encontrado.
https://twitter.com/estadao/status/1210271559794839553
{ status: 'Uma escolha muito difícil. https://twitter.com/estadao/status/1210271559794839553' }
doTweet Error:
[ { code: 187, message: 'Status is a duplicate.' } ]
check estadao tweets
get estadao tweets
tweets length =20
last tweet:
&gt;@EstadaoPolitica Entenda o que é um juiz de garantias, ponto de discordância entre Moro e Bolsonaro https://t.co/DSTycqY1mt
tweet encontrado.
https://twitter.com/estadao/status/1210271559794839553
{ status: 'Uma escolha muito difícil. https://twitter.com/estadao/status/1210271559794839553' }
doTweet Error:
[ { code: 187, message: 'Status is a duplicate.' } ]
